#
# A fatal error has been detected by the Java Runtime Environment:
#
#  EXCEPTION_ACCESS_VIOLATION (0xc0000005) at pc=0x55b69af3, pid=8960, tid=0x00002e08
#
# JRE version: Java(TM) SE Runtime Environment (8.0_121-b13) (build 1.8.0_121-b13)
# Java VM: Java HotSpot(TM) Client VM (25.121-b13 mixed mode windows-x86 )
# Problematic frame:
# C  [awt.dll+0xa9af3]
#
# Failed to write core dump. Minidumps are not enabled by default on client versions of Windows
#
# If you would like to submit a bug report, please visit:
#   http://bugreport.java.com/bugreport/crash.jsp
# The crash happened outside the Java Virtual Machine in native code.
# See problematic frame for where to report the bug.
#

---------------  T H R E A D  ---------------

Current thread (0x08c7c000):  JavaThread "AWT-EventQueue-0" [_thread_in_native, id=11784, stack(0x0a5d0000,0x0a620000)]

siginfo: ExceptionCode=0xc0000005, reading address 0x00000004

Registers:
EAX=0x0000000d, EBX=0xee01030e, ECX=0x00000000, EDX=0x00f84950
ESP=0x0a61db78, EBP=0x75ae6460, ESI=0x0902d610, EDI=0x090532b8
EIP=0x55b69af3, EFLAGS=0x00010213

Top of Stack: (sp=0x0a61db78)
0x0a61db78:   55aee936 ee01030e 090532b8 08c7c140
0x0a61db88:   0a61dc48 0a61e100 55b1b3db 08c7c140
0x0a61db98:   090532b8 0a61e100 55b1b3f2 00000001
0x0a61dba8:   00000000 00000000 55aebb85 08c7c140
0x0a61dbb8:   0a61e100 08c7c000 00000000 0a6351c0
0x0a61dbc8:   08c7c000 00000006 00000004 08f0e6f8
0x0a61dbd8:   0a61e104 08c7c140 0a61dbf0 55ce73a4
0x0a61dbe8:   0a61dcac 02a53127 114136f0 55fc6e88 

Instructions: (pc=0x55b69af3)
0x55b69ad3:   00 00 c3 8b 41 04 8b 80 0c 0c 00 00 c3 8b 01 83
0x55b69ae3:   78 04 08 7e 03 33 c0 c3 8b 49 04 e9 30 eb fe ff
0x55b69af3:   8b 49 04 85 c9 74 05 e9 3e e9 fe ff 33 c0 c2 04
0x55b69b03:   00 8b 49 04 85 c9 74 05 e9 53 e9 fe ff c2 04 00 


Register to memory mapping:

EAX=0x0000000d is an unknown value
EBX=0xee01030e is an unknown value
ECX=0x00000000 is an unknown value
EDX=0x00f84950 is an unknown value
ESP=0x0a61db78 is pointing into the stack for thread: 0x08c7c000
EBP=0x75ae6460 is an unknown value
ESI=0x0902d610 is an unknown value
EDI=0x090532b8 is an unknown value


Stack: [0x0a5d0000,0x0a620000],  sp=0x0a61db78,  free space=310k
Native frames: (J=compiled Java code, j=interpreted, Vv=VM code, C=native code)
C  [awt.dll+0xa9af3]

Java frames: (J=compiled Java code, j=interpreted, Vv=VM code)
J 3252  sun.java2d.windows.GDIBlitLoops.nativeBlit(Lsun/java2d/SurfaceData;Lsun/java2d/SurfaceData;Lsun/java2d/pipe/Region;IIIIIIIIIZ)V (0 bytes) @ 0x02bbd698 [0x02bbd5d0+0xc8]
j  sun.java2d.windows.GDIBlitLoops.Blit(Lsun/java2d/SurfaceData;Lsun/java2d/SurfaceData;Ljava/awt/Composite;Lsun/java2d/pipe/Region;IIIIII)V+33
J 6144 C1 sun.java2d.pipe.DrawImage.blitSurfaceData(Lsun/java2d/SunGraphics2D;Lsun/java2d/pipe/Region;Lsun/java2d/SurfaceData;Lsun/java2d/SurfaceData;Lsun/java2d/loops/SurfaceType;Lsun/java2d/loops/SurfaceType;IIIIIILjava/awt/Color;)V (145 bytes) @ 0x02d50ac0 [0x02d508a0+0x220]
J 6146 C1 sun.java2d.pipe.DrawImage.renderImageCopy(Lsun/java2d/SunGraphics2D;Ljava/awt/Image;Ljava/awt/Color;IIIIII)Z (147 bytes) @ 0x02d4fbdc [0x02d4fac0+0x11c]
J 6145 C1 sun.java2d.pipe.DrawImage.copyImage(Lsun/java2d/SunGraphics2D;Ljava/awt/Image;IILjava/awt/Color;)Z (105 bytes) @ 0x02d504b0 [0x02d502d0+0x1e0]
J 6112 C1 sun.java2d.pipe.DrawImage.copyImage(Lsun/java2d/SunGraphics2D;Ljava/awt/Image;IILjava/awt/Color;Ljava/awt/image/ImageObserver;)Z (60 bytes) @ 0x02a4faa8 [0x02a4f940+0x168]
J 5364 C1 sun.java2d.pipe.ValidatePipe.copyImage(Lsun/java2d/SunGraphics2D;Ljava/awt/Image;IILjava/awt/Color;Ljava/awt/image/ImageObserver;)Z (29 bytes) @ 0x02abace8 [0x02abac70+0x78]
J 6110 C1 sun.java2d.SunGraphics2D.drawImage(Ljava/awt/Image;IILjava/awt/Color;Ljava/awt/image/ImageObserver;)Z (145 bytes) @ 0x02d0a60c [0x02d0a410+0x1fc]
J 6147 C1 sun.java2d.SunGraphics2D.drawImage(Ljava/awt/Image;IILjava/awt/image/ImageObserver;)Z (11 bytes) @ 0x02d4f8c0 [0x02d4f880+0x40]
J 5274 C1 javax.swing.RepaintManager$PaintManager.paintDoubleBuffered(Ljavax/swing/JComponent;Ljava/awt/Image;Ljava/awt/Graphics;IIII)V (294 bytes) @ 0x02d800c8 [0x02d7ff20+0x1a8]
J 5306 C1 javax.swing.RepaintManager$PaintManager.paint(Ljavax/swing/JComponent;Ljavax/swing/JComponent;Ljava/awt/Graphics;IIII)Z (189 bytes) @ 0x02d3f00c [0x02d3edd0+0x23c]
J 5480 C1 javax.swing.RepaintManager.paint(Ljavax/swing/JComponent;Ljavax/swing/JComponent;Ljava/awt/Graphics;IIII)V (93 bytes) @ 0x02a5f530 [0x02a5f340+0x1f0]
J 5519 C1 javax.swing.JComponent.paint(Ljava/awt/Graphics;)V (409 bytes) @ 0x02b156b4 [0x02b15350+0x364]
j  java.awt.GraphicsCallback$PaintCallback.run(Ljava/awt/Component;Ljava/awt/Graphics;)V+2
j  sun.awt.SunGraphicsCallback.runOneComponent(Ljava/awt/Component;Ljava/awt/Rectangle;Ljava/awt/Graphics;Ljava/awt/Shape;I)V+155
j  sun.awt.SunGraphicsCallback.runComponents([Ljava/awt/Component;Ljava/awt/Graphics;I)V+194
j  java.awt.Container.paint(Ljava/awt/Graphics;)V+58
j  java.awt.Window.paint(Ljava/awt/Graphics;)V+68
J 5530 C1 javax.swing.RepaintManager$4.run()Ljava/lang/Void; (278 bytes) @ 0x02a46cb4 [0x02a469e0+0x2d4]
J 5526 C1 javax.swing.RepaintManager$4.run()Ljava/lang/Object; (5 bytes) @ 0x02a13860 [0x02a13840+0x20]
v  ~StubRoutines::call_stub
J 1645  java.security.AccessController.doPrivileged(Ljava/security/PrivilegedAction;Ljava/security/AccessControlContext;)Ljava/lang/Object; (0 bytes) @ 0x02c6cd07 [0x02c6cca0+0x67]
J 5289 C1 javax.swing.RepaintManager.paintDirtyRegions(Ljava/util/Map;)V (196 bytes) @ 0x02d498fc [0x02d49520+0x3dc]
J 5630 C1 javax.swing.RepaintManager.paintDirtyRegions()V (50 bytes) @ 0x02b86064 [0x02b85f20+0x144]
J 5616 C1 javax.swing.RepaintManager.prePaintDirtyRegions()V (91 bytes) @ 0x02b508f4 [0x02b50730+0x1c4]
J 5607 C1 javax.swing.RepaintManager$ProcessingRunnable.run()V (41 bytes) @ 0x02b40ea4 [0x02b40d70+0x134]
J 5305 C1 java.awt.event.InvocationEvent.dispatch()V (69 bytes) @ 0x02bb405c [0x02bb3f70+0xec]
J 5391 C1 java.awt.EventQueue.dispatchEventImpl(Ljava/awt/AWTEvent;Ljava/lang/Object;)V (149 bytes) @ 0x02bbf10c [0x02bbec50+0x4bc]
J 5388 C1 java.awt.EventQueue$3.run()Ljava/lang/Void; (60 bytes) @ 0x02d3df9c [0x02d3df40+0x5c]
J 5387 C1 java.awt.EventQueue$3.run()Ljava/lang/Object; (5 bytes) @ 0x02d3e360 [0x02d3e340+0x20]
v  ~StubRoutines::call_stub
J 1645  java.security.AccessController.doPrivileged(Ljava/security/PrivilegedAction;Ljava/security/AccessControlContext;)Ljava/lang/Object; (0 bytes) @ 0x02c6cd07 [0x02c6cca0+0x67]
J 5385 C1 java.awt.EventQueue.dispatchEvent(Ljava/awt/AWTEvent;)V (80 bytes) @ 0x02c0e848 [0x02c0e640+0x208]
J 1583 C1 java.awt.EventDispatchThread.pumpOneEventForFilters(I)V (295 bytes) @ 0x02c54fd0 [0x02c54940+0x690]
J 3081% C1 java.awt.EventDispatchThread.pumpEventsForFilter(ILjava/awt/Conditional;Ljava/awt/EventFilter;)V (47 bytes) @ 0x02b13530 [0x02b13480+0xb0]
j  java.awt.EventDispatchThread.pumpEventsForHierarchy(ILjava/awt/Conditional;Ljava/awt/Component;)V+11
j  java.awt.EventDispatchThread.pumpEvents(ILjava/awt/Conditional;)V+4
j  java.awt.EventDispatchThread.pumpEvents(Ljava/awt/Conditional;)V+3
j  java.awt.EventDispatchThread.run()V+9
v  ~StubRoutines::call_stub

---------------  P R O C E S S  ---------------

Java Threads: ( => current thread )
  0x08c7b800 JavaThread "JmDNS(192-168-1-7.local.).State.Timer" daemon [_thread_blocked, id=10756, stack(0x07eb0000,0x07f00000)]
  0x08c7ec00 JavaThread "JmDNS(192-168-1-7.local.).Timer" daemon [_thread_blocked, id=6316, stack(0x07e20000,0x07e70000)]
  0x08c7d800 JavaThread "SocketListener(192-168-1-7.local.)" daemon [_thread_in_native, id=1148, stack(0x07d90000,0x07de0000)]
  0x08c7e400 JavaThread "JmDNS(fe80-0-0-0-499b-ccbb-904d-31fe-eth7.local.).State.Timer" daemon [_thread_blocked, id=12260, stack(0x07c70000,0x07cc0000)]
  0x08c80000 JavaThread "JmDNS(fe80-0-0-0-499b-ccbb-904d-31fe-eth7.local.).Timer" daemon [_thread_blocked, id=11088, stack(0x05c20000,0x05c70000)]
  0x08c81800 JavaThread "SocketListener(fe80-0-0-0-499b-ccbb-904d-31fe-eth7.local.)" daemon [_thread_in_native, id=3188, stack(0x05b90000,0x05be0000)]
  0x08c7f400 JavaThread "DestroyJavaVM" [_thread_blocked, id=6776, stack(0x025e0000,0x02630000)]
  0x08c80400 JavaThread "TimerQueue" daemon [_thread_blocked, id=4216, stack(0x0b2b0000,0x0b300000)]
=>0x08c7c000 JavaThread "AWT-EventQueue-0" [_thread_in_native, id=11784, stack(0x0a5d0000,0x0a620000)]
  0x08c7ac00 JavaThread "AWT-Shutdown" [_thread_blocked, id=10404, stack(0x0a300000,0x0a350000)]
  0x08c7b400 JavaThread "Batik CleanerThread" daemon [_thread_blocked, id=5328, stack(0x09f60000,0x09fb0000)]
  0x08b05800 JavaThread "Timer-0" [_thread_blocked, id=9632, stack(0x09e60000,0x09eb0000)]
  0x08b05c00 JavaThread "JmDNS(DESKTOP-ITSLFGF.local.).State.Timer" daemon [_thread_blocked, id=5064, stack(0x09970000,0x099c0000)]
  0x08b06c00 JavaThread "JmDNS(DESKTOP-ITSLFGF.local.).Timer" daemon [_thread_blocked, id=10640, stack(0x098e0000,0x09930000)]
  0x08b03000 JavaThread "SocketListener(DESKTOP-ITSLFGF.local.)" daemon [_thread_in_native, id=3344, stack(0x09850000,0x098a0000)]
  0x08acb000 JavaThread "JmDNS(DESKTOP-ITSLFGF.local.).State.Timer" daemon [_thread_blocked, id=8816, stack(0x09630000,0x09680000)]
  0x08aca800 JavaThread "JmDNS(DESKTOP-ITSLFGF.local.).Timer" daemon [_thread_blocked, id=2504, stack(0x095a0000,0x095f0000)]
  0x08adfc00 JavaThread "SocketListener(DESKTOP-ITSLFGF.local.)" daemon [_thread_in_native, id=2540, stack(0x094e0000,0x09530000)]
  0x0665b800 JavaThread "Multihomed mDNS.Timer" daemon [_thread_blocked, id=8696, stack(0x06ab0000,0x06b00000)]
  0x08ac9800 JavaThread "cc.arduino.packages.discoverers.serial.SerialBoardsLister" [_thread_blocked, id=6668, stack(0x084d0000,0x08520000)]
  0x0665c000 JavaThread "AWT-Windows" daemon [_thread_in_native, id=10536, stack(0x06b40000,0x06b90000)]
  0x0665ac00 JavaThread "Java2D Disposer" daemon [_thread_blocked, id=5444, stack(0x06a20000,0x06a70000)]
  0x05d40c00 JavaThread "Service Thread" daemon [_thread_blocked, id=10328, stack(0x063a0000,0x063f0000)]
  0x05d4bc00 JavaThread "C1 CompilerThread0" daemon [_thread_blocked, id=11592, stack(0x06310000,0x06360000)]
  0x05d4a400 JavaThread "Attach Listener" daemon [_thread_blocked, id=12176, stack(0x06280000,0x062d0000)]
  0x05d48400 JavaThread "Signal Dispatcher" daemon [_thread_blocked, id=12200, stack(0x061f0000,0x06240000)]
  0x05d2b000 JavaThread "Finalizer" daemon [_thread_blocked, id=2356, stack(0x06070000,0x060c0000)]
  0x05d15000 JavaThread "Reference Handler" daemon [_thread_blocked, id=1052, stack(0x05fe0000,0x06030000)]

Other Threads:
  0x0273e400 VMThread [stack: 0x05f50000,0x05fa0000] [id=11776]
  0x05d45c00 WatcherThread [stack: 0x05070000,0x050c0000] [id=2832]

VM state:not at safepoint (normal execution)

VM Mutex/Monitor currently owned by a thread: None

Heap:
 def new generation   total 39424K, used 23928K [0x10400000, 0x12ec0000, 0x1aea0000)
  eden space 35072K,  68% used [0x10400000, 0x11b4b238, 0x12640000)
  from space 4352K,   1% used [0x12640000, 0x12652e78, 0x12a80000)
  to   space 4352K,   0% used [0x12a80000, 0x12a80000, 0x12ec0000)
 tenured generation   total 87424K, used 84782K [0x1aea0000, 0x20400000, 0x30400000)
   the space 87424K,  96% used [0x1aea0000, 0x2016b8e0, 0x2016ba00, 0x20400000)
 Metaspace       used 19371K, capacity 19814K, committed 19840K, reserved 19840K

Card table byte_map: [0x04970000,0x04a80000] byte_map_base: 0x048ee000

Polling page: 0x00ce0000

CodeCache: size=32768Kb used=2677Kb max_used=4270Kb free=30090Kb
 bounds [0x02970000, 0x02da0000, 0x04970000]
 total_blobs=1514 nmethods=1231 adapters=211
 compilation: enabled

Compilation events (10 events):
Event: 10498.612 Thread 0x05d4bc00 nmethod 7002 0x02c73988 code [0x02c73a80, 0x02c73ba0]
Event: 10498.613 Thread 0x05d4bc00 7003             java.net.Inet6Address$Inet6AddressHolder::<init> (18 bytes)
Event: 10498.613 Thread 0x05d4bc00 nmethod 7003 0x02a35c88 code [0x02a35d80, 0x02a35ea0]
Event: 10515.216 Thread 0x05d4bc00 7004  s!         java.net.DatagramSocket::receive (355 bytes)
Event: 10515.225 Thread 0x05d4bc00 nmethod 7004 0x02bf8d88 code [0x02bf9040, 0x02bfa128]
Event: 10622.861 Thread 0x05d4bc00 7005             java.util.LinkedList::addAll (182 bytes)
Event: 10622.862 Thread 0x05d4bc00 nmethod 7005 0x02a6f1c8 code [0x02a6f300, 0x02a6f600]
Event: 10789.567 Thread 0x05d4bc00 7006             java.util.concurrent.locks.AbstractQueuedSynchronizer::shouldParkAfterFailedAcquire (50 bytes)
Event: 10789.567 Thread 0x05d4bc00 nmethod 7006 0x02a35988 code [0x02a35a80, 0x02a35b90]
Event: 10920.313 Thread 0x05d4bc00 7007             java.util.regex.Pattern$Start::match (90 bytes)

GC Heap History (10 events):
Event: 9527.456 GC heap before
{Heap before GC invocations=40 (full 1):
 def new generation   total 39424K, used 35151K [0x10400000, 0x12ec0000, 0x1aea0000)
  eden space 35072K, 100% used [0x10400000, 0x12640000, 0x12640000)
  from space 4352K,   1% used [0x12a80000, 0x12a93d70, 0x12ec0000)
  to   space 4352K,   0% used [0x12640000, 0x12640000, 0x12a80000)
 tenured generation   total 87424K, used 77947K [0x1aea0000, 0x20400000, 0x30400000)
   the space 87424K,  89% used [0x1aea0000, 0x1fabef08, 0x1fabf000, 0x20400000)
 Metaspace       used 19371K, capacity 19814K, committed 19840K, reserved 19840K
Event: 9527.458 GC heap after
Heap after GC invocations=41 (full 1):
 def new generation   total 39424K, used 76K [0x10400000, 0x12ec0000, 0x1aea0000)
  eden space 35072K,   0% used [0x10400000, 0x10400000, 0x12640000)
  from space 4352K,   1% used [0x12640000, 0x12653278, 0x12a80000)
  to   space 4352K,   0% used [0x12a80000, 0x12a80000, 0x12ec0000)
 tenured generation   total 87424K, used 77950K [0x1aea0000, 0x20400000, 0x30400000)
   the space 87424K,  89% used [0x1aea0000, 0x1fabfb28, 0x1fabfc00, 0x20400000)
 Metaspace       used 19371K, capacity 19814K, committed 19840K, reserved 19840K
}
Event: 9858.674 GC heap before
{Heap before GC invocations=41 (full 1):
 def new generation   total 39424K, used 35148K [0x10400000, 0x12ec0000, 0x1aea0000)
  eden space 35072K, 100% used [0x10400000, 0x12640000, 0x12640000)
  from space 4352K,   1% used [0x12640000, 0x12653278, 0x12a80000)
  to   space 4352K,   0% used [0x12a80000, 0x12a80000, 0x12ec0000)
 tenured generation   total 87424K, used 77950K [0x1aea0000, 0x20400000, 0x30400000)
   the space 87424K,  89% used [0x1aea0000, 0x1fabfb28, 0x1fabfc00, 0x20400000)
 Metaspace       used 19371K, capacity 19814K, committed 19840K, reserved 19840K
Event: 9858.677 GC heap after
Heap after GC invocations=42 (full 1):
 def new generation   total 39424K, used 79K [0x10400000, 0x12ec0000, 0x1aea0000)
  eden space 35072K,   0% used [0x10400000, 0x10400000, 0x12640000)
  from space 4352K,   1% used [0x12a80000, 0x12a93c28, 0x12ec0000)
  to   space 4352K,   0% used [0x12640000, 0x12640000, 0x12a80000)
 tenured generation   total 87424K, used 77952K [0x1aea0000, 0x20400000, 0x30400000)
   the space 87424K,  89% used [0x1aea0000, 0x1fac0250, 0x1fac0400, 0x20400000)
 Metaspace       used 19371K, capacity 19814K, committed 19840K, reserved 19840K
}
Event: 10182.016 GC heap before
{Heap before GC invocations=42 (full 1):
 def new generation   total 39424K, used 35151K [0x10400000, 0x12ec0000, 0x1aea0000)
  eden space 35072K, 100% used [0x10400000, 0x12640000, 0x12640000)
  from space 4352K,   1% used [0x12a80000, 0x12a93c28, 0x12ec0000)
  to   space 4352K,   0% used [0x12640000, 0x12640000, 0x12a80000)
 tenured generation   total 87424K, used 77952K [0x1aea0000, 0x20400000, 0x30400000)
   the space 87424K,  89% used [0x1aea0000, 0x1fac0250, 0x1fac0400, 0x20400000)
 Metaspace       used 19371K, capacity 19814K, committed 19840K, reserved 19840K
Event: 10182.018 GC heap after
Heap after GC invocations=43 (full 1):
 def new generation   total 39424K, used 74K [0x10400000, 0x12ec0000, 0x1aea0000)
  eden space 35072K,   0% used [0x10400000, 0x10400000, 0x12640000)
  from space 4352K,   1% used [0x12640000, 0x12652aa8, 0x12a80000)
  to   space 4352K,   0% used [0x12a80000, 0x12a80000, 0x12ec0000)
 tenured generation   total 87424K, used 77952K [0x1aea0000, 0x20400000, 0x30400000)
   the space 87424K,  89% used [0x1aea0000, 0x1fac0250, 0x1fac0400, 0x20400000)
 Metaspace       used 19371K, capacity 19814K, committed 19840K, reserved 19840K
}
Event: 10436.762 GC heap before
{Heap before GC invocations=43 (full 1):
 def new generation   total 39424K, used 35146K [0x10400000, 0x12ec0000, 0x1aea0000)
  eden space 35072K, 100% used [0x10400000, 0x12640000, 0x12640000)
  from space 4352K,   1% used [0x12640000, 0x12652aa8, 0x12a80000)
  to   space 4352K,   0% used [0x12a80000, 0x12a80000, 0x12ec0000)
 tenured generation   total 87424K, used 77952K [0x1aea0000, 0x20400000, 0x30400000)
   the space 87424K,  89% used [0x1aea0000, 0x1fac0250, 0x1fac0400, 0x20400000)
 Metaspace       used 19371K, capacity 19814K, committed 19840K, reserved 19840K
Event: 10436.768 GC heap after
Heap after GC invocations=44 (full 1):
 def new generation   total 39424K, used 490K [0x10400000, 0x12ec0000, 0x1aea0000)
  eden space 35072K,   0% used [0x10400000, 0x10400000, 0x12640000)
  from space 4352K,  11% used [0x12a80000, 0x12afa998, 0x12ec0000)
  to   space 4352K,   0% used [0x12640000, 0x12640000, 0x12a80000)
 tenured generation   total 87424K, used 84782K [0x1aea0000, 0x20400000, 0x30400000)
   the space 87424K,  96% used [0x1aea0000, 0x2016b8e0, 0x2016ba00, 0x20400000)
 Metaspace       used 19371K, capacity 19814K, committed 19840K, reserved 19840K
}
Event: 10768.139 GC heap before
{Heap before GC invocations=44 (full 1):
 def new generation   total 39424K, used 35562K [0x10400000, 0x12ec0000, 0x1aea0000)
  eden space 35072K, 100% used [0x10400000, 0x12640000, 0x12640000)
  from space 4352K,  11% used [0x12a80000, 0x12afa998, 0x12ec0000)
  to   space 4352K,   0% used [0x12640000, 0x12640000, 0x12a80000)
 tenured generation   total 87424K, used 84782K [0x1aea0000, 0x20400000, 0x30400000)
   the space 87424K,  96% used [0x1aea0000, 0x2016b8e0, 0x2016ba00, 0x20400000)
 Metaspace       used 19371K, capacity 19814K, committed 19840K, reserved 19840K
Event: 10768.141 GC heap after
Heap after GC invocations=45 (full 1):
 def new generation   total 39424K, used 75K [0x10400000, 0x12ec0000, 0x1aea0000)
  eden space 35072K,   0% used [0x10400000, 0x10400000, 0x12640000)
  from space 4352K,   1% used [0x12640000, 0x12652e78, 0x12a80000)
  to   space 4352K,   0% used [0x12a80000, 0x12a80000, 0x12ec0000)
 tenured generation   total 87424K, used 84782K [0x1aea0000, 0x20400000, 0x30400000)
   the space 87424K,  96% used [0x1aea0000, 0x2016b8e0, 0x2016ba00, 0x20400000)
 Metaspace       used 19371K, capacity 19814K, committed 19840K, reserved 19840K
}

Deoptimization events (0 events):
No events

Internal exceptions (10 events):
Event: 2725.708 Thread 0x08c7f800 Exception <a 'sun/nio/fs/WindowsException'> (0x10c1c6c8) thrown at [C:\workspace\8-2-build-windows-i586-cygwin\jdk8u121\8372\hotspot\src\share\vm\prims\jni.cpp, line 709]
Event: 2725.710 Thread 0x08c7f800 Exception <a 'sun/nio/fs/WindowsException'> (0x10c26310) thrown at [C:\workspace\8-2-build-windows-i586-cygwin\jdk8u121\8372\hotspot\src\share\vm\prims\jni.cpp, line 709]
Event: 2725.710 Thread 0x08c7f800 Exception <a 'sun/nio/fs/WindowsException'> (0x10c26908) thrown at [C:\workspace\8-2-build-windows-i586-cygwin\jdk8u121\8372\hotspot\src\share\vm\prims\jni.cpp, line 709]
Event: 2725.712 Thread 0x08c7f800 Exception <a 'sun/nio/fs/WindowsException'> (0x10c30e80) thrown at [C:\workspace\8-2-build-windows-i586-cygwin\jdk8u121\8372\hotspot\src\share\vm\prims\jni.cpp, line 709]
Event: 2725.712 Thread 0x08c7f800 Exception <a 'sun/nio/fs/WindowsException'> (0x10c314f0) thrown at [C:\workspace\8-2-build-windows-i586-cygwin\jdk8u121\8372\hotspot\src\share\vm\prims\jni.cpp, line 709]
Event: 2725.714 Thread 0x08c7f800 Exception <a 'sun/nio/fs/WindowsException'> (0x10c3b6c8) thrown at [C:\workspace\8-2-build-windows-i586-cygwin\jdk8u121\8372\hotspot\src\share\vm\prims\jni.cpp, line 709]
Event: 2725.714 Thread 0x08c7f800 Exception <a 'sun/nio/fs/WindowsException'> (0x10c3bcc0) thrown at [C:\workspace\8-2-build-windows-i586-cygwin\jdk8u121\8372\hotspot\src\share\vm\prims\jni.cpp, line 709]
Event: 2725.716 Thread 0x08c7f800 Exception <a 'sun/nio/fs/WindowsException'> (0x10c45c40) thrown at [C:\workspace\8-2-build-windows-i586-cygwin\jdk8u121\8372\hotspot\src\share\vm\prims\jni.cpp, line 709]
Event: 2725.716 Thread 0x08c7f800 Exception <a 'sun/nio/fs/WindowsException'> (0x10c46248) thrown at [C:\workspace\8-2-build-windows-i586-cygwin\jdk8u121\8372\hotspot\src\share\vm\prims\jni.cpp, line 709]
Event: 7888.829 Thread 0x0665b800 Exception <a 'java/net/UnknownHostException': DESKTOP-ITSLFGF.domain.name> (0x10cd0e88) thrown at [C:\workspace\8-2-build-windows-i586-cygwin\jdk8u121\8372\hotspot\src\share\vm\prims\jni.cpp, line 735]

Events (10 events):
Event: 10515.225 Thread 0x05d4bc00 flushing nmethod 0x02d813c8
Event: 10515.225 Thread 0x05d4bc00 flushing nmethod 0x02d81808
Event: 10515.225 Thread 0x05d4bc00 flushing nmethod 0x02d81f48
Event: 10515.225 Thread 0x05d4bc00 flushing nmethod 0x02d82608
Event: 10622.862 Thread 0x05d4bc00 flushing nmethod 0x02a14508
Event: 10622.862 Thread 0x05d4bc00 flushing nmethod 0x02a3cbc8
Event: 10768.138 Executing VM operation: GenCollectForAllocation
Event: 10768.141 Executing VM operation: GenCollectForAllocation done
Event: 10789.567 Thread 0x05d4bc00 flushing nmethod 0x02bf6b88
Event: 10789.567 Thread 0x05d4bc00 flushing nmethod 0x02bf7b08


Dynamic libraries:
0x01150000 - 0x01183000 	C:\Program Files (x86)\Arduino\java\bin\javaw.exe
0x77750000 - 0x778de000 	C:\WINDOWS\SYSTEM32\ntdll.dll
0x76260000 - 0x76330000 	C:\WINDOWS\System32\KERNEL32.DLL
0x752f0000 - 0x754b2000 	C:\WINDOWS\System32\KERNELBASE.dll
0x761e0000 - 0x76257000 	C:\WINDOWS\System32\ADVAPI32.dll
0x75ea0000 - 0x75f5d000 	C:\WINDOWS\System32\msvcrt.dll
0x75120000 - 0x75161000 	C:\WINDOWS\System32\sechost.dll
0x76020000 - 0x760e0000 	C:\WINDOWS\System32\RPCRT4.dll
0x74220000 - 0x74240000 	C:\WINDOWS\System32\SspiCli.dll
0x74210000 - 0x7421a000 	C:\WINDOWS\System32\CRYPTBASE.dll
0x75f70000 - 0x75fc7000 	C:\WINDOWS\System32\bcryptPrimitives.dll
0x74fe0000 - 0x7511c000 	C:\WINDOWS\System32\USER32.dll
0x75d30000 - 0x75d46000 	C:\WINDOWS\System32\win32u.dll
0x75ae0000 - 0x75b01000 	C:\WINDOWS\System32\GDI32.dll
0x75b10000 - 0x75c68000 	C:\WINDOWS\System32\gdi32full.dll
0x754c0000 - 0x75539000 	C:\WINDOWS\System32\msvcp_win.dll
0x74a90000 - 0x74ba8000 	C:\WINDOWS\System32\ucrtbase.dll
0x73010000 - 0x7321e000 	C:\WINDOWS\WinSxS\x86_microsoft.windows.common-controls_6595b64144ccf1df_6.0.15063.483_none_6dad63fefc436da8\COMCTL32.dll
0x75890000 - 0x75ac8000 	C:\WINDOWS\System32\combase.dll
0x75d00000 - 0x75d25000 	C:\WINDOWS\System32\IMM32.DLL
0x56ed0000 - 0x56f8f000 	C:\Program Files (x86)\Arduino\java\bin\msvcr100.dll
0x55ce0000 - 0x560ae000 	C:\Program Files (x86)\Arduino\java\bin\client\jvm.dll
0x74fd0000 - 0x74fd6000 	C:\WINDOWS\System32\PSAPI.DLL
0x734f0000 - 0x73514000 	C:\WINDOWS\SYSTEM32\WINMM.dll
0x73750000 - 0x73758000 	C:\WINDOWS\SYSTEM32\WSOCK32.dll
0x73220000 - 0x73228000 	C:\WINDOWS\SYSTEM32\VERSION.dll
0x776d0000 - 0x77737000 	C:\WINDOWS\System32\WS2_32.dll
0x72fe0000 - 0x73003000 	C:\WINDOWS\SYSTEM32\winmmbase.dll
0x77690000 - 0x776c9000 	C:\WINDOWS\System32\cfgmgr32.dll
0x56e90000 - 0x56ec1000 	C:\Program Files (x86)\Arduino\java\bin\splashscreen.dll
0x738a0000 - 0x73918000 	C:\WINDOWS\system32\uxtheme.dll
0x68fa0000 - 0x68fac000 	C:\Program Files (x86)\Arduino\java\bin\verify.dll
0x75d50000 - 0x75e96000 	C:\WINDOWS\System32\MSCTF.dll
0x75250000 - 0x752e6000 	C:\WINDOWS\System32\OLEAUT32.dll
0x56e60000 - 0x56e81000 	C:\Program Files (x86)\Arduino\java\bin\java.dll
0x10000000 - 0x10244000 	C:\Program Files (x86)\RivaTuner Statistics Server\RTSSHooks.dll
0x74320000 - 0x74365000 	C:\WINDOWS\System32\SHLWAPI.dll
0x56e40000 - 0x56e53000 	C:\Program Files (x86)\Arduino\java\bin\zip.dll
0x77680000 - 0x7768e000 	C:\WINDOWS\System32\kernel.appcore.dll
0x70880000 - 0x708e7000 	C:\WINDOWS\System32\TextInputFramework.dll
0x705c0000 - 0x707e7000 	C:\WINDOWS\System32\CoreUIComponents.dll
0x707f0000 - 0x7087f000 	C:\WINDOWS\System32\CoreMessaging.dll
0x751c0000 - 0x7524c000 	C:\WINDOWS\System32\SHCORE.dll
0x737f0000 - 0x73818000 	C:\WINDOWS\SYSTEM32\ntmarta.dll
0x713a0000 - 0x71471000 	C:\WINDOWS\SYSTEM32\wintypes.dll
0x72c90000 - 0x72ca0000 	C:\WINDOWS\SYSTEM32\usermgrcli.dll
0x737a0000 - 0x737c3000 	C:\WINDOWS\system32\dwmapi.dll
0x76330000 - 0x77678000 	C:\WINDOWS\System32\SHELL32.dll
0x74500000 - 0x74a87000 	C:\WINDOWS\System32\windows.storage.dll
0x75170000 - 0x751b5000 	C:\WINDOWS\System32\powrprof.dll
0x74460000 - 0x74470000 	C:\WINDOWS\System32\profapi.dll
0x61940000 - 0x619b2000 	C:\Program Files (x86)\Arduino\lib\listSerialsj.dll
0x74bb0000 - 0x74fca000 	C:\WINDOWS\System32\SETUPAPI.dll
0x56e00000 - 0x56e1d000 	C:\Program Files (x86)\Arduino\lib\jnidispatch-4.2.2-win32-x86.dll
0x760e0000 - 0x761d3000 	C:\WINDOWS\System32\Ole32.dll
0x56de0000 - 0x56df6000 	C:\Program Files (x86)\Arduino\java\bin\net.dll
0x74190000 - 0x741de000 	C:\WINDOWS\system32\mswsock.dll
0x66ee0000 - 0x66eef000 	C:\Program Files (x86)\Arduino\java\bin\nio.dll
0x55ac0000 - 0x55c06000 	C:\Program Files (x86)\Arduino\java\bin\awt.dll
0x73520000 - 0x735b3000 	C:\WINDOWS\SYSTEM32\apphelp.dll
0x55ca0000 - 0x55cd9000 	C:\Program Files (x86)\Arduino\java\bin\fontmanager.dll
0x72b90000 - 0x72c6f000 	C:\WINDOWS\system32\opengl32.dll
0x72fb0000 - 0x72fd5000 	C:\WINDOWS\SYSTEM32\GLU32.dll
0x55c60000 - 0x55c92000 	C:\Program Files (x86)\Arduino\java\bin\t2k.dll
0x725a0000 - 0x725c2000 	C:\WINDOWS\SYSTEM32\DEVOBJ.dll
0x75fd0000 - 0x76014000 	C:\WINDOWS\System32\WINTRUST.dll
0x77740000 - 0x7774e000 	C:\WINDOWS\System32\MSASN1.dll
0x756b0000 - 0x7582d000 	C:\WINDOWS\System32\CRYPT32.dll
0x72f80000 - 0x72faf000 	C:\WINDOWS\SYSTEM32\IPHLPAPI.DLL
0x75ad0000 - 0x75ad7000 	C:\WINDOWS\System32\NSI.dll
0x737d0000 - 0x737e3000 	C:\WINDOWS\SYSTEM32\dhcpcsvc6.DLL
0x73730000 - 0x73744000 	C:\WINDOWS\SYSTEM32\dhcpcsvc.DLL
0x73fb0000 - 0x7402f000 	C:\WINDOWS\SYSTEM32\DNSAPI.dll
0x71c30000 - 0x71c51000 	C:\Program Files (x86)\Bonjour\mdnsNSP.dll
0x73fa0000 - 0x73fa8000 	C:\Windows\System32\rasadhlp.dll
0x71610000 - 0x7165a000 	C:\WINDOWS\System32\fwpuclnt.dll
0x74060000 - 0x74078000 	C:\WINDOWS\SYSTEM32\bcrypt.dll
0x55a50000 - 0x55ab9000 	C:\Program Files (x86)\Arduino\msvcp100.dll
0x55990000 - 0x55a4e000 	C:\Program Files (x86)\Arduino\msvcr100.dll
0x02800000 - 0x02832000 	C:\Program Files (x86)\Arduino\lib\AStylej.dll
0x56280000 - 0x562a4000 	C:\Program Files (x86)\Arduino\java\bin\dcpr.dll
0x74470000 - 0x744f3000 	C:\WINDOWS\System32\clbcatq.dll
0x6aee0000 - 0x6b052000 	C:\WINDOWS\SYSTEM32\WindowsCodecs.dll
0x68f50000 - 0x68f93000 	C:\WINDOWS\system32\dataexchange.dll
0x6b8b0000 - 0x6b99b000 	C:\WINDOWS\system32\dcomp.dll
0x73d30000 - 0x73f82000 	C:\WINDOWS\system32\d3d11.dll
0x732e0000 - 0x7336a000 	C:\WINDOWS\system32\dxgi.dll
0x6d740000 - 0x6d876000 	C:\WINDOWS\system32\twinapi.appcore.dll
0x74370000 - 0x7445f000 	C:\WINDOWS\System32\COMDLG32.dll
0x71480000 - 0x715e4000 	C:\WINDOWS\system32\propsys.dll
0x6be80000 - 0x6bf01000 	C:\Program Files (x86)\Common Files\microsoft shared\ink\tiptsf.dll
0x62e30000 - 0x62e6c000 	C:\WINDOWS\SYSTEM32\edputil.dll
0x6c730000 - 0x6c854000 	C:\WINDOWS\system32\NetworkExplorer.dll
0x6be30000 - 0x6be77000 	C:\Windows\System32\thumbcache.dll
0x62f40000 - 0x63006000 	C:\WINDOWS\SYSTEM32\ntshrui.dll
0x62f20000 - 0x62f3c000 	C:\WINDOWS\SYSTEM32\srvcli.dll
0x74090000 - 0x7409f000 	C:\WINDOWS\SYSTEM32\cscapi.dll
0x63010000 - 0x63099000 	C:\WINDOWS\System32\StructuredQuery.dll
0x6bdc0000 - 0x6be24000 	C:\WINDOWS\SYSTEM32\policymanager.dll
0x6bd50000 - 0x6bdb6000 	C:\WINDOWS\SYSTEM32\msvcp110_win.dll
0x62e70000 - 0x62f1c000 	C:\WINDOWS\system32\Windows.Storage.Search.dll
0x6a380000 - 0x6a60b000 	C:\Users\Administrator\AppData\Local\Microsoft\OneDrive\17.3.7131.1115\FileSyncShell.dll
0x72220000 - 0x724e1000 	C:\WINDOWS\SYSTEM32\WININET.dll
0x6c6e0000 - 0x6c727000 	C:\Program Files (x86)\Dropbox\Client\DropboxExt.19.0.dll
0x6c680000 - 0x6c6d6000 	C:\WINDOWS\system32\PhotoMetadataHandler.dll
0x6c5d0000 - 0x6c5e2000 	C:\WINDOWS\system32\mssprxy.dll
0x6cbd0000 - 0x6ce48000 	C:\Windows\System32\OneCoreUAPCommonProxyStub.dll
0x6d230000 - 0x6d62e000 	C:\Windows\System32\Windows.StateRepository.dll
0x6d630000 - 0x6d6b7000 	C:\Windows\System32\StateRepository.Core.dll
0x6b250000 - 0x6b2d6000 	C:\WINDOWS\SYSTEM32\sxs.dll
0x73760000 - 0x7376a000 	C:\WINDOWS\SYSTEM32\Secur32.dll
0x6ef90000 - 0x6efa5000 	C:\WINDOWS\SYSTEM32\samcli.dll
0x561a0000 - 0x561b9000 	C:\WINDOWS\SYSTEM32\SAMLIB.dll
0x741e0000 - 0x741eb000 	C:\WINDOWS\SYSTEM32\netutils.dll
0x6c150000 - 0x6c1a6000 	C:\WINDOWS\SYSTEM32\OLEACC.dll
0x6f160000 - 0x6f2fc000 	C:\WINDOWS\SYSTEM32\urlmon.dll
0x6e730000 - 0x6e943000 	C:\WINDOWS\SYSTEM32\iertutil.dll
0x740d0000 - 0x740e3000 	C:\WINDOWS\SYSTEM32\CRYPTSP.dll
0x740a0000 - 0x740cf000 	C:\WINDOWS\system32\rsaenh.dll
0x73870000 - 0x73892000 	C:\WINDOWS\SYSTEM32\USERENV.dll
0x64000000 - 0x6401b000 	C:\Program Files (x86)\Arduino\lib\jSSC-2.8_x86.dll
0x720c0000 - 0x7221d000 	C:\WINDOWS\SYSTEM32\dbghelp.dll

VM Arguments:
jvm_args: -Dsun.java2d.d3d=false -Djna.nosys=true -Djna.nounpack=true -Djna.boot.library.name=jnidispatch-4.2.2-win32-x86 -Djna.boot.library.path=C:\Program Files (x86)\Arduino/lib -Djssc.library.path=C:\Program Files (x86)\Arduino/lib -DAPP_DIR=C:\Program Files (x86)\Arduino -Xms128M -Xmx512M 
java_command: processing.app.Base C:\Users\Administrator\Desktop\Aj\PocketFarm\Arduino\DHT-22\DHT-22.ino
java_class_path (initial): C:\Program Files (x86)\Arduino\lib\apple.jar;C:\Program Files (x86)\Arduino\lib\arduino-core.jar;C:\Program Files (x86)\Arduino\lib\batik-1.8.jar;C:\Program Files (x86)\Arduino\lib\batik-anim-1.8.jar;C:\Program Files (x86)\Arduino\lib\batik-awt-util-1.8.jar;C:\Program Files (x86)\Arduino\lib\batik-bridge-1.8.jar;C:\Program Files (x86)\Arduino\lib\batik-codec-1.8.jar;C:\Program Files (x86)\Arduino\lib\batik-css-1.8.jar;C:\Program Files (x86)\Arduino\lib\batik-dom-1.8.jar;C:\Program Files (x86)\Arduino\lib\batik-ext-1.8.jar;C:\Program Files (x86)\Arduino\lib\batik-gvt-1.8.jar;C:\Program Files (x86)\Arduino\lib\batik-parser-1.8.jar;C:\Program Files (x86)\Arduino\lib\batik-rasterizer-1.8.jar;C:\Program Files (x86)\Arduino\lib\batik-script-1.8.jar;C:\Program Files (x86)\Arduino\lib\batik-squiggle-1.8.jar;C:\Program Files (x86)\Arduino\lib\batik-svg-dom-1.8.jar;C:\Program Files (x86)\Arduino\lib\batik-svgpp-1.8.jar;C:\Program Files (x86)\Arduino\lib\batik-transcoder-1.8.jar;C:\Program Files (x86)\Arduino\lib\batik-util-1.8.jar;C:\Program Files (x86)\Arduino\lib\batik-xml-1.8.jar;C:\Program Files (x86)\Arduino\lib\bcpg-jdk15on-152.jar;C:\Program Files (x86)\Arduino\lib\bcprov-jdk15on-152.jar;C:\Program Files (x86)\Arduino\lib\commons-codec-1.7.jar;C:\Program Files (x86)\Arduino\lib\commons-compress-1.8.jar;C:\Program Files (x86)\Arduino\lib\commons-exec-1.1.jar;C:\Program Files (x86)\Arduino\lib\commons-httpclient-3.1.jar;C:\Program Files (x86)\Arduino\lib\commons-lang3-3.3.2.jar;C:\Program Files (x86)\Arduino\lib\commons-logging-1.0.4.jar;C:\Program Files (x86)\Arduino\lib\commons-net-3.3.jar;C:\Program Files (x86)\Arduino\lib\jackson-annotations-2.6.3.jar;C:\Program Files (x86)\Arduino\lib\jackson-core-2.6.3.jar;C:\Program Files (x86)\Arduino\lib\jackson-databind-2.6.3.jar;C:\Program Files (x86)\Arduino\lib\jackson-module-mrbean-2.6.3.jar;C:\Program Files (x86)\Arduino\lib\java-semver-0.8.0.jar;C:\Program Files (x86)\Arduino\lib\jmdns-3.5.1.j
Launcher Type: SUN_STANDARD

Environment Variables:
PATH=C:\ProgramData\Oracle\Java\javapath;C:\WINDOWS\system32;C:\WINDOWS;C:\WINDOWS\System32\Wbem;C:\WINDOWS\System32\WindowsPowerShell\v1.0\;C:\Program Files\Microsoft DNX\Dnvm\;C:\Program Files\Microsoft SQL Server\120\Tools\Binn\;C:\Program Files\Microsoft SQL Server\130\Tools\Binn\;C:\Program Files\Java\jdk1.8.0_121\bin;C:\Python27;C:\MinGW\bin;C:\Program Files (x86)\QuickTime\QTSystem\;C:\Program Files (x86)\NVIDIA Corporation\PhysX\Common;C:\Program Files\Git\cmd;C:\Users\Administrator\AppData\Local\Programs\Python\Python36-32\Scripts\;C:\Users\Administrator\AppData\Local\Programs\Python\Python36-32\;C:\ProgramData\Oracle\Java\javapath;C:\WINDOWS\system32;C:\WINDOWS;C:\WINDOWS\System32\Wbem;C:\WINDOWS\System32\WindowsPowerShell\v1.0\;C:\Program Files\Microsoft DNX\Dnvm\;C:\Program Files\Microsoft SQL Server\120\Tools\Binn\;C:\Program Files\Microsoft SQL Server\130\Tools\Binn\;C:\Program Files\Java\jdk1.8.0_121\bin;C:\Python27;C:\MinGW\bin;C:\Program Files (x86)\QuickTime\QTSystem\;C:\Program Files (x86)\NVIDIA Corporation\PhysX\Common;C:\Program Files\Git\cmd;C:\Python33\Scripts;C:\Users\Administrator\AppData\Local\Microsoft\WindowsApps;;C:\Program Files (x86)\Arduino\java\bin
USERNAME=Administrator
OS=Windows_NT
PROCESSOR_IDENTIFIER=Intel64 Family 6 Model 42 Stepping 7, GenuineIntel



---------------  S Y S T E M  ---------------

OS: Windows 10.0 , 64 bit Build 15063 (10.0.15063.296)

CPU:total 4 (4 cores per cpu, 1 threads per core) family 6 model 42 stepping 7, cmov, cx8, fxsr, mmx, sse, sse2, sse3, ssse3, sse4.1, sse4.2, popcnt, avx, aes, clmul, tsc, tscinvbit

Memory: 4k page, physical 10453312k(1571512k free), swap 31605056k(16859956k free)

vm_info: Java HotSpot(TM) Client VM (25.121-b13) for windows-x86 JRE (1.8.0_121-b13), built on Dec 12 2016 18:17:00 by "java_re" with MS VC++ 10.0 (VS2010)

time: Tue Jan 09 23:23:51 2018
elapsed time: 10926 seconds (0d 3h 2m 6s)

